
*** Running vivado
    with args -log top_controller.vds -m64 -product Vivado -mode batch -messageDb vivado.pb -notrace -source top_controller.tcl



****** Vivado v2022.2 (64-bit)
  **** SW Build 3671981 on Fri Oct 14 05:00:03 MDT 2022
  **** IP Build 3669848 on Fri Oct 14 08:30:02 MDT 2022
    ** Copyright 1986-2022 Xilinx, Inc. All Rights Reserved.

source top_controller.tcl -notrace
create_project: Time (s): cpu = 00:00:04 ; elapsed = 00:00:05 . Memory (MB): peak = 381.941 ; gain = 60.414
Command: read_checkpoint -auto_incremental -incremental {C:/Users/Dell/fpga/uart/uart_proj/integrated code/Dintegrated_final/Dintegrated_final.srcs/utils_1/imports/synth_1/top_controller.dcp}
INFO: [Vivado 12-5825] Read reference checkpoint from C:/Users/Dell/fpga/uart/uart_proj/integrated code/Dintegrated_final/Dintegrated_final.srcs/utils_1/imports/synth_1/top_controller.dcp for incremental synthesis
INFO: [Vivado 12-7989] Please ensure there are no constraint changes
Command: synth_design -top top_controller -part xc7a35tcpg236-1
Starting synth_design
Attempting to get a license for feature 'Synthesis' and/or device 'xc7a35t'
INFO: [Common 17-349] Got license for feature 'Synthesis' and/or device 'xc7a35t'
INFO: [Device 21-403] Loading part xc7a35tcpg236-1
INFO: [Designutils 20-5440] No compile time benefit to using incremental synthesis; A full resynthesis will be run
INFO: [Designutils 20-4379] Flow is switching to default flow due to incremental criteria not met. If you would like to alter this behaviour and have the flow terminate instead, please set the following parameter config_implementation {autoIncr.Synth.RejectBehavior Terminate}
INFO: [Synth 8-7079] Multithreading enabled for synth_design using a maximum of 2 processes.
INFO: [Synth 8-7078] Launching helper process for spawning children vivado processes
INFO: [Synth 8-7075] Helper process launched with PID 26336
INFO: [Synth 8-11241] undeclared symbol 'REGCCE', assumed default net type 'wire' [C:/Users/Dell/Vivado/2022.2/data/verilog/src/unimacro/BRAM_SINGLE_MACRO.v:2170]
INFO: [Synth 8-11241] undeclared symbol 'chunk_select', assumed default net type 'wire' [C:/Users/Dell/fpga/uart/uart_proj/integrated code/integration_uart/integration_uart.srcs/sources_1/imports/uart_proj/uart_16/uarttop_controller.sv:59]
---------------------------------------------------------------------------------
Starting RTL Elaboration : Time (s): cpu = 00:00:03 ; elapsed = 00:00:06 . Memory (MB): peak = 1230.547 ; gain = 408.855
---------------------------------------------------------------------------------
INFO: [Synth 8-6157] synthesizing module 'top_controller' [C:/Users/Dell/fpga/uart/uart_proj/integrated code/integration_uart/integration_uart.srcs/sources_1/imports/uart_proj/uart_16/uarttop_controller.sv:3]
INFO: [Synth 8-6157] synthesizing module 'vio_0' [C:/Users/Dell/fpga/uart/uart_proj/integrated code/Dintegrated_final/Dintegrated_final.runs/synth_1/.Xil/Vivado-23488-Laptop-dell/realtime/vio_0_stub.v:5]
INFO: [Synth 8-6155] done synthesizing module 'vio_0' (0#1) [C:/Users/Dell/fpga/uart/uart_proj/integrated code/Dintegrated_final/Dintegrated_final.runs/synth_1/.Xil/Vivado-23488-Laptop-dell/realtime/vio_0_stub.v:5]
WARNING: [Synth 8-4446] all outputs are unconnected for this instance and logic may be removed [C:/Users/Dell/fpga/uart/uart_proj/integrated code/integration_uart/integration_uart.srcs/sources_1/imports/uart_proj/uart_16/uarttop_controller.sv:50]
INFO: [Synth 8-6157] synthesizing module 'ila_0' [C:/Users/Dell/fpga/uart/uart_proj/integrated code/Dintegrated_final/Dintegrated_final.runs/synth_1/.Xil/Vivado-23488-Laptop-dell/realtime/ila_0_stub.v:5]
INFO: [Synth 8-6155] done synthesizing module 'ila_0' (0#1) [C:/Users/Dell/fpga/uart/uart_proj/integrated code/Dintegrated_final/Dintegrated_final.runs/synth_1/.Xil/Vivado-23488-Laptop-dell/realtime/ila_0_stub.v:5]
INFO: [Synth 8-6157] synthesizing module 'clk_wiz_0' [C:/Users/Dell/fpga/uart/uart_proj/integrated code/Dintegrated_final/Dintegrated_final.runs/synth_1/.Xil/Vivado-23488-Laptop-dell/realtime/clk_wiz_0_stub.v:5]
INFO: [Synth 8-6155] done synthesizing module 'clk_wiz_0' (0#1) [C:/Users/Dell/fpga/uart/uart_proj/integrated code/Dintegrated_final/Dintegrated_final.runs/synth_1/.Xil/Vivado-23488-Laptop-dell/realtime/clk_wiz_0_stub.v:5]
INFO: [Synth 8-6157] synthesizing module 'uart_rx' [C:/Users/Dell/fpga/uart/uart_proj/integrated code/integration_uart/integration_uart.srcs/sources_1/imports/uart_proj/receiver/uart_rx_complete.sv:3]
	Parameter OVERSAMPLE bound to: 13 - type: integer 
	Parameter N_DATA_BITS bound to: 8 - type: integer 
	Parameter MAJORITY_START_IDX bound to: 4 - type: integer 
	Parameter MAJORITY_END_IDX bound to: 8 - type: integer 
INFO: [Synth 8-6155] done synthesizing module 'uart_rx' (0#1) [C:/Users/Dell/fpga/uart/uart_proj/integrated code/integration_uart/integration_uart.srcs/sources_1/imports/uart_proj/receiver/uart_rx_complete.sv:3]
WARNING: [Synth 8-689] width (1) of port connection 'o_data_valid' does not match port width (8) of module 'uart_rx' [C:/Users/Dell/fpga/uart/uart_proj/integrated code/integration_uart/integration_uart.srcs/sources_1/imports/uart_proj/uart_16/uarttop_controller.sv:82]
INFO: [Synth 8-6157] synthesizing module 'uart_tx_controller' [C:/Users/Dell/fpga/uart/uart_proj/integrated code/Dintegrated_final/Dintegrated_final.srcs/sources_1/new/uart_tx_controller.v:3]
	Parameter N_DATA_BITS bound to: 8 - type: integer 
INFO: [Synth 8-6157] synthesizing module 'uart_tx' [C:/Users/Dell/fpga/uart/uart_proj/integrated code/Dintegrated_final/Dintegrated_final.srcs/sources_1/new/uart_tx.v:3]
	Parameter N_DATA_BITS bound to: 8 - type: integer 
INFO: [Synth 8-6155] done synthesizing module 'uart_tx' (0#1) [C:/Users/Dell/fpga/uart/uart_proj/integrated code/Dintegrated_final/Dintegrated_final.srcs/sources_1/new/uart_tx.v:3]
INFO: [Synth 8-6155] done synthesizing module 'uart_tx_controller' (0#1) [C:/Users/Dell/fpga/uart/uart_proj/integrated code/Dintegrated_final/Dintegrated_final.srcs/sources_1/new/uart_tx_controller.v:3]
INFO: [Synth 8-6155] done synthesizing module 'top_controller' (0#1) [C:/Users/Dell/fpga/uart/uart_proj/integrated code/integration_uart/integration_uart.srcs/sources_1/imports/uart_proj/uart_16/uarttop_controller.sv:3]
WARNING: [Synth 8-7137] Register data_chunk_reg in module uart_tx_controller has both Set and reset with same priority. This may cause simulation mismatches. Consider rewriting code  [C:/Users/Dell/fpga/uart/uart_proj/integrated code/Dintegrated_final/Dintegrated_final.srcs/sources_1/new/uart_tx_controller.v:31]
INFO: [Synth 8-6071] Mark debug on the nets applies keep_hierarchy on instance 'reset_source'. This will prevent further optimization [C:/Users/Dell/fpga/uart/uart_proj/integrated code/integration_uart/integration_uart.srcs/sources_1/imports/uart_proj/uart_16/uarttop_controller.sv:45]
INFO: [Synth 8-6071] Mark debug on the nets applies keep_hierarchy on instance 'uart_tx_controller_inst'. This will prevent further optimization [C:/Users/Dell/fpga/uart/uart_proj/integrated code/integration_uart/integration_uart.srcs/sources_1/imports/uart_proj/uart_16/uarttop_controller.sv:88]
INFO: [Synth 8-6071] Mark debug on the nets applies keep_hierarchy on instance 'rx_data'. This will prevent further optimization [C:/Users/Dell/fpga/uart/uart_proj/integrated code/integration_uart/integration_uart.srcs/sources_1/imports/uart_proj/uart_16/uarttop_controller.sv:76]
INFO: [Synth 8-6071] Mark debug on the nets applies keep_hierarchy on instance 'your_instance_name'. This will prevent further optimization [C:/Users/Dell/fpga/uart/uart_proj/integrated code/integration_uart/integration_uart.srcs/sources_1/imports/uart_proj/uart_16/uarttop_controller.sv:50]
---------------------------------------------------------------------------------
Finished RTL Elaboration : Time (s): cpu = 00:00:04 ; elapsed = 00:00:08 . Memory (MB): peak = 1328.184 ; gain = 506.492
---------------------------------------------------------------------------------
---------------------------------------------------------------------------------
Start Handling Custom Attributes
---------------------------------------------------------------------------------
---------------------------------------------------------------------------------
Finished Handling Custom Attributes : Time (s): cpu = 00:00:04 ; elapsed = 00:00:08 . Memory (MB): peak = 1328.184 ; gain = 506.492
---------------------------------------------------------------------------------
---------------------------------------------------------------------------------
Finished RTL Optimization Phase 1 : Time (s): cpu = 00:00:04 ; elapsed = 00:00:08 . Memory (MB): peak = 1328.184 ; gain = 506.492
---------------------------------------------------------------------------------
Netlist sorting complete. Time (s): cpu = 00:00:00 ; elapsed = 00:00:00.005 . Memory (MB): peak = 1328.184 ; gain = 0.000
INFO: [Project 1-570] Preparing netlist for logic optimization

Processing XDC Constraints
Initializing timing engine
Parsing XDC File [c:/Users/Dell/fpga/uart/uart_proj/integrated code/integration_uart/integration_uart.gen/sources_1/ip/clk_wiz_0/clk_wiz_0/clk_wiz_0_in_context.xdc] for cell 'clk_gen'
Finished Parsing XDC File [c:/Users/Dell/fpga/uart/uart_proj/integrated code/integration_uart/integration_uart.gen/sources_1/ip/clk_wiz_0/clk_wiz_0/clk_wiz_0_in_context.xdc] for cell 'clk_gen'
Parsing XDC File [c:/Users/Dell/fpga/uart/uart_proj/integrated code/integration_uart/integration_uart.gen/sources_1/ip/ila_0/ila_0/ila_0_in_context.xdc] for cell 'your_instance_name'
Finished Parsing XDC File [c:/Users/Dell/fpga/uart/uart_proj/integrated code/integration_uart/integration_uart.gen/sources_1/ip/ila_0/ila_0/ila_0_in_context.xdc] for cell 'your_instance_name'
Parsing XDC File [c:/Users/Dell/fpga/uart/uart_proj/integrated code/integration_uart/integration_uart.gen/sources_1/ip/vio_0/vio_0/vio_0_in_context.xdc] for cell 'reset_source'
Finished Parsing XDC File [c:/Users/Dell/fpga/uart/uart_proj/integrated code/integration_uart/integration_uart.gen/sources_1/ip/vio_0/vio_0/vio_0_in_context.xdc] for cell 'reset_source'
Parsing XDC File [C:/Users/Dell/fpga/uart/uart_proj/integrated code/integration_uart/integration_uart.srcs/constrs_1/imports/receiver/uart_constraints.xdc]
Finished Parsing XDC File [C:/Users/Dell/fpga/uart/uart_proj/integrated code/integration_uart/integration_uart.srcs/constrs_1/imports/receiver/uart_constraints.xdc]
INFO: [Project 1-236] Implementation specific constraints were found while reading constraint file [C:/Users/Dell/fpga/uart/uart_proj/integrated code/integration_uart/integration_uart.srcs/constrs_1/imports/receiver/uart_constraints.xdc]. These constraints will be ignored for synthesis but will be used in implementation. Impacted constraints are listed in the file [.Xil/top_controller_propImpl.xdc].
Resolution: To avoid this warning, move constraints listed in [.Xil/top_controller_propImpl.xdc] to another XDC file and exclude this new file from synthesis with the used_in_synthesis property (File Properties dialog in GUI) and re-run elaboration/synthesis.
Parsing XDC File [C:/Users/Dell/fpga/uart/uart_proj/integrated code/Dintegrated_final/Dintegrated_final.runs/synth_1/dont_touch.xdc]
Finished Parsing XDC File [C:/Users/Dell/fpga/uart/uart_proj/integrated code/Dintegrated_final/Dintegrated_final.runs/synth_1/dont_touch.xdc]
Completed Processing XDC Constraints

Netlist sorting complete. Time (s): cpu = 00:00:00 ; elapsed = 00:00:00.001 . Memory (MB): peak = 1433.977 ; gain = 0.000
INFO: [Project 1-111] Unisim Transformation Summary:
No Unisim elements were transformed.

Constraint Validation Runtime : Time (s): cpu = 00:00:00 ; elapsed = 00:00:00.008 . Memory (MB): peak = 1433.977 ; gain = 0.000
INFO: [Designutils 20-5440] No compile time benefit to using incremental synthesis; A full resynthesis will be run
INFO: [Designutils 20-4379] Flow is switching to default flow due to incremental criteria not met. If you would like to alter this behaviour and have the flow terminate instead, please set the following parameter config_implementation {autoIncr.Synth.RejectBehavior Terminate}
INFO: [Synth 8-11241] undeclared symbol 'REGCCE', assumed default net type 'wire' [C:/Users/Dell/Vivado/2022.2/data/verilog/src/unimacro/BRAM_SINGLE_MACRO.v:2170]
---------------------------------------------------------------------------------
Finished Constraint Validation : Time (s): cpu = 00:00:10 ; elapsed = 00:00:16 . Memory (MB): peak = 1433.977 ; gain = 612.285
---------------------------------------------------------------------------------
---------------------------------------------------------------------------------
Start Loading Part and Timing Information
---------------------------------------------------------------------------------
Loading part: xc7a35tcpg236-1
---------------------------------------------------------------------------------
Finished Loading Part and Timing Information : Time (s): cpu = 00:00:10 ; elapsed = 00:00:16 . Memory (MB): peak = 1433.977 ; gain = 612.285
---------------------------------------------------------------------------------
---------------------------------------------------------------------------------
Start Applying 'set_property' XDC Constraints
---------------------------------------------------------------------------------
Applied set_property IO_BUFFER_TYPE = NONE for i_clk_100M. (constraint file  {c:/Users/Dell/fpga/uart/uart_proj/integrated code/integration_uart/integration_uart.gen/sources_1/ip/clk_wiz_0/clk_wiz_0/clk_wiz_0_in_context.xdc}, line 4).
Applied set_property CLOCK_BUFFER_TYPE = NONE for i_clk_100M. (constraint file  {c:/Users/Dell/fpga/uart/uart_proj/integrated code/integration_uart/integration_uart.gen/sources_1/ip/clk_wiz_0/clk_wiz_0/clk_wiz_0_in_context.xdc}, line 5).
Applied set_property KEEP_HIERARCHY = SOFT for clk_gen. (constraint file  auto generated constraint).
Applied set_property KEEP_HIERARCHY = SOFT for your_instance_name. (constraint file  auto generated constraint).
Applied set_property KEEP_HIERARCHY = SOFT for reset_source. (constraint file  auto generated constraint).
---------------------------------------------------------------------------------
Finished applying 'set_property' XDC Constraints : Time (s): cpu = 00:00:10 ; elapsed = 00:00:16 . Memory (MB): peak = 1433.977 ; gain = 612.285
---------------------------------------------------------------------------------
---------------------------------------------------------------------------------
Finished RTL Optimization Phase 2 : Time (s): cpu = 00:00:10 ; elapsed = 00:00:17 . Memory (MB): peak = 1433.977 ; gain = 612.285
---------------------------------------------------------------------------------
---------------------------------------------------------------------------------
Start RTL Component Statistics 
---------------------------------------------------------------------------------
Detailed RTL Component Info : 
+---Adders : 
	   2 Input    6 Bit       Adders := 2     
	   2 Input    4 Bit       Adders := 4     
	   5 Input    4 Bit       Adders := 1     
+---Registers : 
	               13 Bit    Registers := 1     
	                9 Bit    Registers := 2     
	                8 Bit    Registers := 17    
	                6 Bit    Registers := 2     
	                4 Bit    Registers := 4     
	                1 Bit    Registers := 13    
+---Muxes : 
	   2 Input   13 Bit        Muxes := 1     
	   2 Input    9 Bit        Muxes := 2     
	   2 Input    8 Bit        Muxes := 6     
	   2 Input    4 Bit        Muxes := 1     
	   2 Input    1 Bit        Muxes := 25    
---------------------------------------------------------------------------------
Finished RTL Component Statistics 
---------------------------------------------------------------------------------
---------------------------------------------------------------------------------
Start Part Resource Summary
---------------------------------------------------------------------------------
Part Resources:
DSPs: 90 (col length:60)
BRAMs: 100 (col length: RAMB18 60 RAMB36 30)
---------------------------------------------------------------------------------
Finished Part Resource Summary
---------------------------------------------------------------------------------
---------------------------------------------------------------------------------
Start Cross Boundary and Area Optimization
---------------------------------------------------------------------------------
WARNING: [Synth 8-7080] Parallel synthesis criteria is not met
---------------------------------------------------------------------------------
Finished Cross Boundary and Area Optimization : Time (s): cpu = 00:00:12 ; elapsed = 00:00:20 . Memory (MB): peak = 1433.977 ; gain = 612.285
---------------------------------------------------------------------------------
---------------------------------------------------------------------------------
Start Applying XDC Timing Constraints
---------------------------------------------------------------------------------
---------------------------------------------------------------------------------
Finished Applying XDC Timing Constraints : Time (s): cpu = 00:00:16 ; elapsed = 00:00:25 . Memory (MB): peak = 1433.977 ; gain = 612.285
---------------------------------------------------------------------------------
---------------------------------------------------------------------------------
Start Timing Optimization
---------------------------------------------------------------------------------
---------------------------------------------------------------------------------
Finished Timing Optimization : Time (s): cpu = 00:00:16 ; elapsed = 00:00:26 . Memory (MB): peak = 1433.977 ; gain = 612.285
---------------------------------------------------------------------------------
---------------------------------------------------------------------------------
Start Technology Mapping
---------------------------------------------------------------------------------
---------------------------------------------------------------------------------
Finished Technology Mapping : Time (s): cpu = 00:00:16 ; elapsed = 00:00:26 . Memory (MB): peak = 1433.977 ; gain = 612.285
---------------------------------------------------------------------------------
---------------------------------------------------------------------------------
Start IO Insertion
---------------------------------------------------------------------------------
---------------------------------------------------------------------------------
Start Flattening Before IO Insertion
---------------------------------------------------------------------------------
---------------------------------------------------------------------------------
Finished Flattening Before IO Insertion
---------------------------------------------------------------------------------
---------------------------------------------------------------------------------
Start Final Netlist Cleanup
---------------------------------------------------------------------------------
---------------------------------------------------------------------------------
Finished Final Netlist Cleanup
---------------------------------------------------------------------------------
WARNING: [Synth 8-3295] tying undriven pin chunk_select_inferred:in0 to constant 0
WARNING: [Synth 8-3295] tying undriven pin i_uart_tx_data_inferred:in0[7] to constant 0
WARNING: [Synth 8-3295] tying undriven pin i_uart_tx_data_inferred:in0[6] to constant 0
WARNING: [Synth 8-3295] tying undriven pin i_uart_tx_data_inferred:in0[5] to constant 0
WARNING: [Synth 8-3295] tying undriven pin i_uart_tx_data_inferred:in0[4] to constant 0
WARNING: [Synth 8-3295] tying undriven pin i_uart_tx_data_inferred:in0[3] to constant 0
WARNING: [Synth 8-3295] tying undriven pin i_uart_tx_data_inferred:in0[2] to constant 0
WARNING: [Synth 8-3295] tying undriven pin i_uart_tx_data_inferred:in0[1] to constant 0
WARNING: [Synth 8-3295] tying undriven pin i_uart_tx_data_inferred:in0[0] to constant 0
---------------------------------------------------------------------------------
Finished IO Insertion : Time (s): cpu = 00:00:19 ; elapsed = 00:00:31 . Memory (MB): peak = 1433.977 ; gain = 612.285
---------------------------------------------------------------------------------
---------------------------------------------------------------------------------
Start Renaming Generated Instances
---------------------------------------------------------------------------------
---------------------------------------------------------------------------------
Finished Renaming Generated Instances : Time (s): cpu = 00:00:19 ; elapsed = 00:00:31 . Memory (MB): peak = 1433.977 ; gain = 612.285
---------------------------------------------------------------------------------
---------------------------------------------------------------------------------
Start Rebuilding User Hierarchy
---------------------------------------------------------------------------------
---------------------------------------------------------------------------------
Finished Rebuilding User Hierarchy : Time (s): cpu = 00:00:19 ; elapsed = 00:00:31 . Memory (MB): peak = 1433.977 ; gain = 612.285
---------------------------------------------------------------------------------
---------------------------------------------------------------------------------
Start Renaming Generated Ports
---------------------------------------------------------------------------------
---------------------------------------------------------------------------------
Finished Renaming Generated Ports : Time (s): cpu = 00:00:19 ; elapsed = 00:00:31 . Memory (MB): peak = 1433.977 ; gain = 612.285
---------------------------------------------------------------------------------
---------------------------------------------------------------------------------
Start Handling Custom Attributes
---------------------------------------------------------------------------------
---------------------------------------------------------------------------------
Finished Handling Custom Attributes : Time (s): cpu = 00:00:19 ; elapsed = 00:00:31 . Memory (MB): peak = 1433.977 ; gain = 612.285
---------------------------------------------------------------------------------
---------------------------------------------------------------------------------
Start Renaming Generated Nets
---------------------------------------------------------------------------------
---------------------------------------------------------------------------------
Finished Renaming Generated Nets : Time (s): cpu = 00:00:19 ; elapsed = 00:00:31 . Memory (MB): peak = 1433.977 ; gain = 612.285
---------------------------------------------------------------------------------
---------------------------------------------------------------------------------
Start Writing Synthesis Report
---------------------------------------------------------------------------------

Report BlackBoxes: 
+------+--------------+----------+
|      |BlackBox name |Instances |
+------+--------------+----------+
|1     |vio_0         |         1|
|2     |ila_0         |         1|
|3     |clk_wiz_0     |         1|
+------+--------------+----------+

Report Cell Usage: 
+------+--------+------+
|      |Cell    |Count |
+------+--------+------+
|1     |clk_wiz |     1|
|2     |ila     |     1|
|3     |vio     |     1|
|4     |CARRY4  |    12|
|5     |LUT1    |    16|
|6     |LUT2    |    34|
|7     |LUT3    |    10|
|8     |LUT4    |    19|
|9     |LUT5    |    21|
|10    |LUT6    |   115|
|11    |MUXF7   |    17|
|12    |MUXF8   |     8|
|13    |FDCE    |     7|
|14    |FDPE    |     1|
|15    |FDRE    |   222|
|16    |IBUF    |     3|
|17    |OBUF    |     2|
+------+--------+------+
---------------------------------------------------------------------------------
Finished Writing Synthesis Report : Time (s): cpu = 00:00:19 ; elapsed = 00:00:31 . Memory (MB): peak = 1433.977 ; gain = 612.285
---------------------------------------------------------------------------------
Synthesis finished with 0 errors, 0 critical warnings and 10 warnings.
Synthesis Optimization Runtime : Time (s): cpu = 00:00:14 ; elapsed = 00:00:29 . Memory (MB): peak = 1433.977 ; gain = 506.492
Synthesis Optimization Complete : Time (s): cpu = 00:00:19 ; elapsed = 00:00:31 . Memory (MB): peak = 1433.977 ; gain = 612.285
INFO: [Project 1-571] Translating synthesized netlist
Netlist sorting complete. Time (s): cpu = 00:00:00 ; elapsed = 00:00:00.007 . Memory (MB): peak = 1433.977 ; gain = 0.000
INFO: [Netlist 29-17] Analyzing 37 Unisim elements for replacement
INFO: [Netlist 29-28] Unisim Transformation completed in 0 CPU seconds
INFO: [Project 1-570] Preparing netlist for logic optimization
INFO: [Opt 31-138] Pushed 0 inverter(s) to 0 load pin(s).
Netlist sorting complete. Time (s): cpu = 00:00:00 ; elapsed = 00:00:00 . Memory (MB): peak = 1433.977 ; gain = 0.000
INFO: [Project 1-111] Unisim Transformation Summary:
No Unisim elements were transformed.

Synth Design complete, checksum: 6ca1aa0a
INFO: [Common 17-83] Releasing license: Synthesis
42 Infos, 13 Warnings, 0 Critical Warnings and 0 Errors encountered.
synth_design completed successfully
synth_design: Time (s): cpu = 00:00:23 ; elapsed = 00:00:37 . Memory (MB): peak = 1433.977 ; gain = 997.387
INFO: [Common 17-600] The following parameters have non-default value.
tcl.collectionResultDisplayLimit
INFO: [Common 17-1381] The checkpoint 'C:/Users/Dell/fpga/uart/uart_proj/integrated code/Dintegrated_final/Dintegrated_final.runs/synth_1/top_controller.dcp' has been generated.
INFO: [runtcl-4] Executing : report_utilization -file top_controller_utilization_synth.rpt -pb top_controller_utilization_synth.pb
INFO: [Common 17-206] Exiting Vivado at Fri Nov  8 03:32:51 2024...
